<?xml version="1.0" encoding="UTF-8"?>
<!-- Generated by org.testng.reporters.JUnitReportReporter -->
<testsuite hostname="Arulmozhivarman" failures="0" tests="1" name="com.DemoWebShop_TestScripts.Tc_001_verify_user_Is_Able_To_delete_Addresss_or_Not" time="25.488" errors="0" timestamp="2025-11-27T14:55:46 IST" skipped="0">
  <testcase classname="com.DemoWebShop_TestScripts.Tc_001_verify_user_Is_Able_To_delete_Addresss_or_Not" name="addAddress" time="25.488"/>
</testsuite> <!-- com.DemoWebShop_TestScripts.Tc_001_verify_user_Is_Able_To_delete_Addresss_or_Not -->
