<?xml version="1.0" encoding="UTF-8"?>
<!-- Generated by org.testng.reporters.JUnitReportReporter -->
<testsuite hostname="Arulmozhivarman" failures="0" tests="1" name="com.DemoWebShop_TestScripts.Tc_001_verify_user_Is_Able_To_Add_Addresss_or_Not_Test" time="33.960" errors="0" timestamp="2025-11-28T14:22:13 IST" skipped="0">
  <testcase classname="com.DemoWebShop_TestScripts.Tc_001_verify_user_Is_Able_To_Add_Addresss_or_Not_Test" name="addAddress" time="33.960"/>
</testsuite> <!-- com.DemoWebShop_TestScripts.Tc_001_verify_user_Is_Able_To_Add_Addresss_or_Not_Test -->
