<?xml version="1.0" encoding="UTF-8"?>
<testng-results ignored="0" total="1" passed="1" failed="0" skipped="0">
  <reporter-output>
  </reporter-output>
  <suite started-at="2025-11-28T14:21:10 IST" name="Suite" finished-at="2025-11-28T14:22:13 IST" duration-ms="62711">
    <groups>
    </groups>
    <test started-at="2025-11-28T14:21:10 IST" name="Test" finished-at="2025-11-28T14:22:13 IST" duration-ms="62711">
      <class name="com.DemoWebShop_TestScripts.Tc_001_verify_user_Is_Able_To_Add_Addresss_or_Not_Test">
        <test-method is-config="true" signature="beforeSuite()[pri:0, instance:com.DemoWebShop_TestScripts.Tc_001_verify_user_Is_Able_To_Add_Addresss_or_Not_Test@3857f613]" started-at="2025-11-28T14:21:10 IST" name="beforeSuite" finished-at="2025-11-28T14:21:10 IST" duration-ms="28" status="PASS">
          <reporter-output>
          </reporter-output>
        </test-method> <!-- beforeSuite -->
        <test-method is-config="true" signature="beforeTest()[pri:0, instance:com.DemoWebShop_TestScripts.Tc_001_verify_user_Is_Able_To_Add_Addresss_or_Not_Test@3857f613]" started-at="2025-11-28T14:21:10 IST" name="beforeTest" finished-at="2025-11-28T14:21:11 IST" duration-ms="656" status="PASS">
          <reporter-output>
          </reporter-output>
        </test-method> <!-- beforeTest -->
        <test-method is-config="true" signature="beforeClass()[pri:0, instance:com.DemoWebShop_TestScripts.Tc_001_verify_user_Is_Able_To_Add_Addresss_or_Not_Test@3857f613]" started-at="2025-11-28T14:21:11 IST" name="beforeClass" finished-at="2025-11-28T14:21:35 IST" duration-ms="23922" status="PASS">
          <reporter-output>
          </reporter-output>
        </test-method> <!-- beforeClass -->
        <test-method is-config="true" signature="beforeMethod()[pri:0, instance:com.DemoWebShop_TestScripts.Tc_001_verify_user_Is_Able_To_Add_Addresss_or_Not_Test@3857f613]" started-at="2025-11-28T14:21:35 IST" name="beforeMethod" finished-at="2025-11-28T14:21:42 IST" duration-ms="7137" status="PASS">
          <reporter-output>
          </reporter-output>
        </test-method> <!-- beforeMethod -->
        <test-method signature="addAddress()[pri:0, instance:com.DemoWebShop_TestScripts.Tc_001_verify_user_Is_Able_To_Add_Addresss_or_Not_Test@3857f613]" started-at="2025-11-28T14:21:42 IST" name="addAddress" finished-at="2025-11-28T14:22:07 IST" duration-ms="24854" status="PASS">
          <reporter-output>
          </reporter-output>
        </test-method> <!-- addAddress -->
        <test-method is-config="true" signature="afterMethod()[pri:0, instance:com.DemoWebShop_TestScripts.Tc_001_verify_user_Is_Able_To_Add_Addresss_or_Not_Test@3857f613]" started-at="2025-11-28T14:22:07 IST" name="afterMethod" finished-at="2025-11-28T14:22:09 IST" duration-ms="1969" status="PASS">
          <reporter-output>
          </reporter-output>
        </test-method> <!-- afterMethod -->
        <test-method is-config="true" signature="afterClass()[pri:0, instance:com.DemoWebShop_TestScripts.Tc_001_verify_user_Is_Able_To_Add_Addresss_or_Not_Test@3857f613]" started-at="2025-11-28T14:22:09 IST" name="afterClass" finished-at="2025-11-28T14:22:12 IST" duration-ms="3418" status="PASS">
          <reporter-output>
          </reporter-output>
        </test-method> <!-- afterClass -->
        <test-method is-config="true" signature="afterTest()[pri:0, instance:com.DemoWebShop_TestScripts.Tc_001_verify_user_Is_Able_To_Add_Addresss_or_Not_Test@3857f613]" started-at="2025-11-28T14:22:12 IST" name="afterTest" finished-at="2025-11-28T14:22:13 IST" duration-ms="633" status="PASS">
          <reporter-output>
          </reporter-output>
        </test-method> <!-- afterTest -->
        <test-method is-config="true" signature="afterdSuite()[pri:0, instance:com.DemoWebShop_TestScripts.Tc_001_verify_user_Is_Able_To_Add_Addresss_or_Not_Test@3857f613]" started-at="2025-11-28T14:22:13 IST" name="afterdSuite" finished-at="2025-11-28T14:22:13 IST" duration-ms="2" status="PASS">
          <reporter-output>
          </reporter-output>
        </test-method> <!-- afterdSuite -->
      </class> <!-- com.DemoWebShop_TestScripts.Tc_001_verify_user_Is_Able_To_Add_Addresss_or_Not_Test -->
    </test> <!-- Test -->
  </suite> <!-- Suite -->
</testng-results>
